<?xml version="1.0" encoding="UTF-8"?>
<coverage generated="1749790644">
  <project timestamp="1749790644" name="Clover Coverage">
    <package name="Revolution\Google\Client\Exceptions">
      <file name="/home/runner/work/laravel-google-sheets/laravel-google-sheets/lib/google/Exceptions/UnknownServiceException.php">
        <class name="Revolution\Google\Client\Exceptions\UnknownServiceException" namespace="Revolution\Google\Client\Exceptions">
          <metrics complexity="0" methods="0" coveredmethods="0" conditionals="0" coveredconditionals="0" statements="0" coveredstatements="0" elements="0" coveredelements="0"/>
        </class>
        <metrics loc="6" ncloc="6" classes="0" methods="0" coveredmethods="0" conditionals="0" coveredconditionals="0" statements="0" coveredstatements="0" elements="0" coveredelements="0"/>
      </file>
    </package>
    <package name="Revolution\Google\Client\Facades">
      <file name="/home/runner/work/laravel-google-sheets/laravel-google-sheets/lib/google/Facades/Google.php">
        <class name="Revolution\Google\Client\Facades\Google" namespace="Revolution\Google\Client\Facades">
          <metrics complexity="1" methods="1" coveredmethods="1" conditionals="0" coveredconditionals="0" statements="1" coveredstatements="1" elements="2" coveredelements="2"/>
        </class>
        <line num="23" type="method" name="getFacadeAccessor" visibility="protected" complexity="1" crap="1" count="7"/>
        <line num="25" type="stmt" count="7"/>
        <metrics loc="28" ncloc="16" classes="1" methods="1" coveredmethods="1" conditionals="0" coveredconditionals="0" statements="1" coveredstatements="1" elements="2" coveredelements="2"/>
      </file>
    </package>
    <package name="Revolution\Google\Client">
      <file name="/home/runner/work/laravel-google-sheets/laravel-google-sheets/lib/google/GoogleApiClient.php">
        <class name="Revolution\Google\Client\GoogleApiClient" namespace="Revolution\Google\Client">
          <metrics complexity="13" methods="7" coveredmethods="4" conditionals="0" coveredconditionals="0" statements="33" coveredstatements="28" elements="40" coveredelements="32"/>
        </class>
        <line num="16" type="method" name="__construct" visibility="public" complexity="2" crap="2" count="12"/>
        <line num="18" type="stmt" count="12"/>
        <line num="21" type="stmt" count="12"/>
        <line num="24" type="stmt" count="12"/>
        <line num="27" type="stmt" count="12"/>
        <line num="28" type="stmt" count="12"/>
        <line num="29" type="stmt" count="12"/>
        <line num="30" type="stmt" count="12"/>
        <line num="31" type="stmt" count="12"/>
        <line num="32" type="stmt" count="12"/>
        <line num="35" type="stmt" count="12"/>
        <line num="38" type="stmt" count="12"/>
        <line num="39" type="stmt" count="1"/>
        <line num="46" type="method" name="getClient" visibility="public" complexity="1" crap="1" count="2"/>
        <line num="48" type="stmt" count="2"/>
        <line num="54" type="method" name="setClient" visibility="public" complexity="1" crap="2" count="0"/>
        <line num="56" type="stmt" count="0"/>
        <line num="58" type="stmt" count="0"/>
        <line num="66" type="method" name="make" visibility="public" complexity="2" crap="2" count="5"/>
        <line num="68" type="stmt" count="5"/>
        <line num="70" type="stmt" count="5"/>
        <line num="71" type="stmt" count="4"/>
        <line num="73" type="stmt" count="4"/>
        <line num="76" type="stmt" count="1"/>
        <line num="82" type="method" name="auth" visibility="protected" complexity="2" crap="2.15" count="1"/>
        <line num="85" type="stmt" count="1"/>
        <line num="86" type="stmt" count="1"/>
        <line num="90" type="stmt" count="0"/>
        <line num="98" type="method" name="useAssertCredentials" visibility="protected" complexity="3" crap="3.21" count="1"/>
        <line num="100" type="stmt" count="1"/>
        <line num="102" type="stmt" count="1"/>
        <line num="103" type="stmt" count="0"/>
        <line num="106" type="stmt" count="1"/>
        <line num="108" type="stmt" count="1"/>
        <line num="109" type="stmt" count="0"/>
        <line num="112" type="stmt" count="1"/>
        <line num="122" type="method" name="__call" visibility="public" complexity="2" crap="2" count="3"/>
        <line num="124" type="stmt" count="3"/>
        <line num="125" type="stmt" count="2"/>
        <line num="128" type="stmt" count="1"/>
        <metrics loc="131" ncloc="98" classes="1" methods="7" coveredmethods="4" conditionals="0" coveredconditionals="0" statements="33" coveredstatements="28" elements="40" coveredelements="32"/>
      </file>
    </package>
    <package name="Revolution\Google\Client\Providers">
      <file name="/home/runner/work/laravel-google-sheets/laravel-google-sheets/lib/google/Providers/GoogleServiceProvider.php">
        <class name="Revolution\Google\Client\Providers\GoogleServiceProvider" namespace="Revolution\Google\Client\Providers">
          <metrics complexity="3" methods="2" coveredmethods="2" conditionals="0" coveredconditionals="0" statements="7" coveredstatements="7" elements="9" coveredelements="9"/>
        </class>
        <line num="13" type="method" name="register" visibility="public" complexity="1" crap="1" count="39"/>
        <line num="15" type="stmt" count="39"/>
        <line num="17" type="stmt" count="39"/>
        <line num="19" type="stmt" count="39"/>
        <line num="25" type="method" name="boot" visibility="public" complexity="2" crap="2" count="39"/>
        <line num="27" type="stmt" count="39"/>
        <line num="28" type="stmt" count="39"/>
        <line num="29" type="stmt" count="39"/>
        <line num="30" type="stmt" count="39"/>
        <metrics loc="34" ncloc="28" classes="1" methods="2" coveredmethods="2" conditionals="0" coveredconditionals="0" statements="7" coveredstatements="7" elements="9" coveredelements="9"/>
      </file>
    </package>
    <package name="Revolution\Google\Sheets\Concerns">
      <file name="/home/runner/work/laravel-google-sheets/laravel-google-sheets/src/Concerns/SheetsCollection.php">
        <class name="Revolution\Google\Sheets\Concerns\SheetsCollection" namespace="Revolution\Google\Sheets\Concerns">
          <metrics complexity="2" methods="2" coveredmethods="2" conditionals="0" coveredconditionals="0" statements="6" coveredstatements="6" elements="8" coveredelements="8"/>
        </class>
        <line num="9" type="method" name="get" visibility="public" complexity="1" crap="1" count="1"/>
        <line num="11" type="stmt" count="1"/>
        <line num="13" type="stmt" count="1"/>
        <line num="16" type="method" name="collection" visibility="public" complexity="1" crap="1" count="3"/>
        <line num="18" type="stmt" count="3"/>
        <line num="19" type="stmt" count="3"/>
        <line num="21" type="stmt" count="3"/>
        <line num="22" type="stmt" count="3"/>
        <metrics loc="25" ncloc="25" classes="1" methods="2" coveredmethods="2" conditionals="0" coveredconditionals="0" statements="6" coveredstatements="6" elements="8" coveredelements="8"/>
      </file>
      <file name="/home/runner/work/laravel-google-sheets/laravel-google-sheets/src/Concerns/SheetsDrive.php">
        <class name="Revolution\Google\Sheets\Concerns\SheetsDrive" namespace="Revolution\Google\Sheets\Concerns">
          <metrics complexity="4" methods="3" coveredmethods="3" conditionals="0" coveredconditionals="0" statements="15" coveredstatements="15" elements="18" coveredelements="18"/>
        </class>
        <line num="12" type="method" name="spreadsheetList" visibility="public" complexity="2" crap="2" count="1"/>
        <line num="14" type="stmt" count="1"/>
        <line num="16" type="stmt" count="1"/>
        <line num="17" type="stmt" count="1"/>
        <line num="18" type="stmt" count="1"/>
        <line num="19" type="stmt" count="1"/>
        <line num="20" type="stmt" count="1"/>
        <line num="21" type="stmt" count="1"/>
        <line num="22" type="stmt" count="1"/>
        <line num="23" type="stmt" count="1"/>
        <line num="25" type="stmt" count="1"/>
        <line num="26" type="stmt" count="1"/>
        <line num="29" type="stmt" count="1"/>
        <line num="32" type="method" name="setDriveService" visibility="public" complexity="1" crap="1" count="3"/>
        <line num="34" type="stmt" count="3"/>
        <line num="36" type="stmt" count="3"/>
        <line num="39" type="method" name="getDriveService" visibility="public" complexity="1" crap="1" count="2"/>
        <line num="41" type="stmt" count="2"/>
        <metrics loc="44" ncloc="44" classes="1" methods="3" coveredmethods="3" conditionals="0" coveredconditionals="0" statements="15" coveredstatements="15" elements="18" coveredelements="18"/>
      </file>
      <file name="/home/runner/work/laravel-google-sheets/laravel-google-sheets/src/Concerns/SheetsProperties.php">
        <class name="Revolution\Google\Sheets\Concerns\SheetsProperties" namespace="Revolution\Google\Sheets\Concerns">
          <metrics complexity="3" methods="3" coveredmethods="3" conditionals="0" coveredconditionals="0" statements="11" coveredstatements="11" elements="14" coveredelements="14"/>
        </class>
        <line num="7" type="method" name="spreadsheetProperties" visibility="public" complexity="1" crap="1" count="1"/>
        <line num="9" type="stmt" count="1"/>
        <line num="10" type="stmt" count="1"/>
        <line num="11" type="stmt" count="1"/>
        <line num="12" type="stmt" count="1"/>
        <line num="13" type="stmt" count="1"/>
        <line num="16" type="method" name="sheetProperties" visibility="public" complexity="1" crap="1" count="1"/>
        <line num="18" type="stmt" count="1"/>
        <line num="19" type="stmt" count="1"/>
        <line num="20" type="stmt" count="1"/>
        <line num="21" type="stmt" count="1"/>
        <line num="23" type="stmt" count="1"/>
        <line num="26" type="method" name="getSpreadsheetId" visibility="public" complexity="1" crap="1" count="15"/>
        <line num="28" type="stmt" count="15"/>
        <metrics loc="31" ncloc="31" classes="1" methods="3" coveredmethods="3" conditionals="0" coveredconditionals="0" statements="11" coveredstatements="11" elements="14" coveredelements="14"/>
      </file>
      <file name="/home/runner/work/laravel-google-sheets/laravel-google-sheets/src/Concerns/SheetsValues.php">
        <class name="Revolution\Google\Sheets\Concerns\SheetsValues" namespace="Revolution\Google\Sheets\Concerns">
          <metrics complexity="26" methods="13" coveredmethods="13" conditionals="0" coveredconditionals="0" statements="67" coveredstatements="67" elements="80" coveredelements="80"/>
        </class>
        <line num="25" type="method" name="all" visibility="public" complexity="1" crap="1" count="6"/>
        <line num="27" type="stmt" count="6"/>
        <line num="29" type="stmt" count="6"/>
        <line num="31" type="stmt" count="6"/>
        <line num="33" type="stmt" count="6"/>
        <line num="36" type="method" name="first" visibility="public" complexity="2" crap="2" count="3"/>
        <line num="38" type="stmt" count="3"/>
        <line num="40" type="stmt" count="3"/>
        <line num="42" type="stmt" count="3"/>
        <line num="45" type="method" name="update" visibility="public" complexity="1" crap="1" count="2"/>
        <line num="47" type="stmt" count="2"/>
        <line num="49" type="stmt" count="2"/>
        <line num="50" type="stmt" count="2"/>
        <line num="52" type="stmt" count="2"/>
        <line num="53" type="stmt" count="2"/>
        <line num="54" type="stmt" count="2"/>
        <line num="56" type="stmt" count="2"/>
        <line num="58" type="stmt" count="2"/>
        <line num="61" type="method" name="clear" visibility="public" complexity="1" crap="1" count="1"/>
        <line num="63" type="stmt" count="1"/>
        <line num="65" type="stmt" count="1"/>
        <line num="67" type="stmt" count="1"/>
        <line num="70" type="method" name="append" visibility="public" complexity="1" crap="1" count="1"/>
        <line num="72" type="stmt" count="1"/>
        <line num="73" type="stmt" count="1"/>
        <line num="75" type="stmt" count="1"/>
        <line num="76" type="stmt" count="1"/>
        <line num="77" type="stmt" count="1"/>
        <line num="79" type="stmt" count="1"/>
        <line num="80" type="stmt" count="1"/>
        <line num="81" type="stmt" count="1"/>
        <line num="82" type="stmt" count="1"/>
        <line num="84" type="stmt" count="1"/>
        <line num="87" type="method" name="orderAppendables" visibility="public" complexity="7" crap="7" count="2"/>
        <line num="90" type="stmt" count="2"/>
        <line num="91" type="stmt" count="1"/>
        <line num="95" type="stmt" count="1"/>
        <line num="97" type="stmt" count="1"/>
        <line num="99" type="stmt" count="1"/>
        <line num="100" type="stmt" count="1"/>
        <line num="104" type="stmt" count="1"/>
        <line num="105" type="stmt" count="1"/>
        <line num="106" type="stmt" count="1"/>
        <line num="109" type="stmt" count="1"/>
        <line num="110" type="stmt" count="1"/>
        <line num="112" type="stmt" count="1"/>
        <line num="116" type="stmt" count="1"/>
        <line num="117" type="stmt" count="1"/>
        <line num="120" type="method" name="ranges" visibility="public" complexity="3" crap="3" count="10"/>
        <line num="123" type="stmt" count="10"/>
        <line num="124" type="stmt" count="9"/>
        <line num="128" type="stmt" count="2"/>
        <line num="129" type="stmt" count="2"/>
        <line num="133" type="stmt" count="1"/>
        <line num="136" type="method" name="range" visibility="public" complexity="1" crap="1" count="2"/>
        <line num="138" type="stmt" count="2"/>
        <line num="140" type="stmt" count="2"/>
        <line num="143" type="method" name="majorDimension" visibility="public" complexity="1" crap="1" count="1"/>
        <line num="145" type="stmt" count="1"/>
        <line num="147" type="stmt" count="1"/>
        <line num="150" type="method" name="valueRenderOption" visibility="public" complexity="1" crap="1" count="1"/>
        <line num="152" type="stmt" count="1"/>
        <line num="154" type="stmt" count="1"/>
        <line num="157" type="method" name="dateTimeRenderOption" visibility="public" complexity="1" crap="1" count="1"/>
        <line num="159" type="stmt" count="1"/>
        <line num="161" type="stmt" count="1"/>
        <line num="164" type="method" name="serviceValues" visibility="protected" complexity="1" crap="1" count="10"/>
        <line num="166" type="stmt" count="10"/>
        <line num="169" type="method" name="query" visibility="protected" complexity="5" crap="5" count="6"/>
        <line num="171" type="stmt" count="6"/>
        <line num="173" type="stmt" count="6"/>
        <line num="175" type="stmt" count="6"/>
        <line num="176" type="stmt" count="1"/>
        <line num="179" type="stmt" count="6"/>
        <line num="180" type="stmt" count="1"/>
        <line num="183" type="stmt" count="6"/>
        <line num="184" type="stmt" count="1"/>
        <line num="187" type="stmt" count="6"/>
        <line num="188" type="stmt" count="1"/>
        <line num="191" type="stmt" count="6"/>
        <metrics loc="194" ncloc="185" classes="1" methods="13" coveredmethods="13" conditionals="0" coveredconditionals="0" statements="67" coveredstatements="67" elements="80" coveredelements="80"/>
      </file>
    </package>
    <file name="/home/runner/work/laravel-google-sheets/laravel-google-sheets/src/Contracts/Factory.php">
      <metrics loc="75" ncloc="72" classes="0" methods="0" coveredmethods="0" conditionals="0" coveredconditionals="0" statements="0" coveredstatements="0" elements="0" coveredelements="0"/>
    </file>
    <package name="Revolution\Google\Sheets\Facades">
      <file name="/home/runner/work/laravel-google-sheets/laravel-google-sheets/src/Facades/Sheets.php">
        <class name="Revolution\Google\Sheets\Facades\Sheets" namespace="Revolution\Google\Sheets\Facades">
          <metrics complexity="1" methods="1" coveredmethods="1" conditionals="0" coveredconditionals="0" statements="1" coveredstatements="1" elements="2" coveredelements="2"/>
        </class>
        <line num="52" type="method" name="getFacadeAccessor" visibility="protected" complexity="1" crap="1" count="10"/>
        <line num="54" type="stmt" count="10"/>
        <metrics loc="57" ncloc="22" classes="1" methods="1" coveredmethods="1" conditionals="0" coveredconditionals="0" statements="1" coveredstatements="1" elements="2" coveredelements="2"/>
      </file>
    </package>
    <package name="Revolution\Google\Sheets\Providers">
      <file name="/home/runner/work/laravel-google-sheets/laravel-google-sheets/src/Providers/SheetsServiceProvider.php">
        <class name="Revolution\Google\Sheets\Providers\SheetsServiceProvider" namespace="Revolution\Google\Sheets\Providers">
          <metrics complexity="2" methods="1" coveredmethods="1" conditionals="0" coveredconditionals="0" statements="1" coveredstatements="1" elements="2" coveredelements="2"/>
        </class>
        <line num="15" type="method" name="register" visibility="public" complexity="1" crap="1" count="39"/>
        <line num="17" type="stmt" count="39"/>
        <metrics loc="30" ncloc="22" classes="1" methods="1" coveredmethods="1" conditionals="0" coveredconditionals="0" statements="1" coveredstatements="1" elements="2" coveredelements="2"/>
      </file>
    </package>
    <package name="Revolution\Google\Sheets">
      <file name="/home/runner/work/laravel-google-sheets/laravel-google-sheets/src/SheetsClient.php">
        <class name="Revolution\Google\Sheets\SheetsClient" namespace="Revolution\Google\Sheets">
          <metrics complexity="18" methods="13" coveredmethods="13" conditionals="0" coveredconditionals="0" statements="55" coveredstatements="55" elements="68" coveredelements="68"/>
        </class>
        <line num="33" type="method" name="setService" visibility="public" complexity="1" crap="1" count="22"/>
        <line num="35" type="stmt" count="22"/>
        <line num="37" type="stmt" count="22"/>
        <line num="40" type="method" name="getService" visibility="public" complexity="1" crap="1" count="23"/>
        <line num="42" type="stmt" count="23"/>
        <line num="48" type="method" name="setAccessToken" visibility="public" complexity="3" crap="3" count="1"/>
        <line num="50" type="stmt" count="1"/>
        <line num="52" type="stmt" count="1"/>
        <line num="54" type="stmt" count="1"/>
        <line num="55" type="stmt" count="1"/>
        <line num="58" type="stmt" count="1"/>
        <line num="59" type="stmt" count="1"/>
        <line num="62" type="method" name="getAccessToken" visibility="public" complexity="1" crap="1" count="1"/>
        <line num="64" type="stmt" count="1"/>
        <line num="67" type="method" name="spreadsheet" visibility="public" complexity="1" crap="1" count="1"/>
        <line num="69" type="stmt" count="1"/>
        <line num="71" type="stmt" count="1"/>
        <line num="74" type="method" name="spreadsheetByTitle" visibility="public" complexity="1" crap="1" count="1"/>
        <line num="76" type="stmt" count="1"/>
        <line num="78" type="stmt" count="1"/>
        <line num="80" type="stmt" count="1"/>
        <line num="83" type="method" name="sheet" visibility="public" complexity="1" crap="1" count="3"/>
        <line num="85" type="stmt" count="3"/>
        <line num="87" type="stmt" count="3"/>
        <line num="90" type="method" name="sheetById" visibility="public" complexity="1" crap="1" count="1"/>
        <line num="92" type="stmt" count="1"/>
        <line num="94" type="stmt" count="1"/>
        <line num="96" type="stmt" count="1"/>
        <line num="99" type="method" name="sheetList" visibility="public" complexity="2" crap="2" count="2"/>
        <line num="101" type="stmt" count="2"/>
        <line num="103" type="stmt" count="2"/>
        <line num="105" type="stmt" count="2"/>
        <line num="106" type="stmt" count="2"/>
        <line num="109" type="stmt" count="2"/>
        <line num="112" type="method" name="addSheet" visibility="public" complexity="1" crap="1" count="1"/>
        <line num="114" type="stmt" count="1"/>
        <line num="115" type="stmt" count="1"/>
        <line num="116" type="stmt" count="1"/>
        <line num="117" type="stmt" count="1"/>
        <line num="118" type="stmt" count="1"/>
        <line num="119" type="stmt" count="1"/>
        <line num="120" type="stmt" count="1"/>
        <line num="121" type="stmt" count="1"/>
        <line num="122" type="stmt" count="1"/>
        <line num="123" type="stmt" count="1"/>
        <line num="124" type="stmt" count="1"/>
        <line num="126" type="stmt" count="1"/>
        <line num="129" type="method" name="deleteSheet" visibility="public" complexity="1" crap="1" count="1"/>
        <line num="131" type="stmt" count="1"/>
        <line num="132" type="stmt" count="1"/>
        <line num="134" type="stmt" count="1"/>
        <line num="135" type="stmt" count="1"/>
        <line num="136" type="stmt" count="1"/>
        <line num="137" type="stmt" count="1"/>
        <line num="138" type="stmt" count="1"/>
        <line num="139" type="stmt" count="1"/>
        <line num="140" type="stmt" count="1"/>
        <line num="141" type="stmt" count="1"/>
        <line num="142" type="stmt" count="1"/>
        <line num="144" type="stmt" count="1"/>
        <line num="150" type="method" name="__get" visibility="public" complexity="2" crap="2" count="2"/>
        <line num="152" type="stmt" count="2"/>
        <line num="153" type="stmt" count="1"/>
        <line num="156" type="stmt" count="1"/>
        <line num="164" type="method" name="__call" visibility="public" complexity="2" crap="2" count="4"/>
        <line num="166" type="stmt" count="4"/>
        <line num="167" type="stmt" count="2"/>
        <line num="170" type="stmt" count="2"/>
        <metrics loc="173" ncloc="162" classes="1" methods="13" coveredmethods="13" conditionals="0" coveredconditionals="0" statements="55" coveredstatements="55" elements="68" coveredelements="68"/>
      </file>
    </package>
    <package name="Revolution\Google\Sheets\Traits">
      <file name="/home/runner/work/laravel-google-sheets/laravel-google-sheets/src/Traits/GoogleSheets.php">
        <class name="Revolution\Google\Sheets\Traits\GoogleSheets" namespace="Revolution\Google\Sheets\Traits">
          <metrics complexity="1" methods="1" coveredmethods="1" conditionals="0" coveredconditionals="0" statements="2" coveredstatements="2" elements="3" coveredelements="3"/>
        </class>
        <line num="13" type="method" name="sheets" visibility="public" complexity="1" crap="1" count="1"/>
        <line num="15" type="stmt" count="1"/>
        <line num="17" type="stmt" count="1"/>
        <metrics loc="27" ncloc="19" classes="1" methods="1" coveredmethods="1" conditionals="0" coveredconditionals="0" statements="2" coveredstatements="2" elements="3" coveredelements="3"/>
      </file>
    </package>
    <metrics files="13" loc="855" ncloc="730" classes="11" methods="47" coveredmethods="44" conditionals="0" coveredconditionals="0" statements="199" coveredstatements="194" elements="246" coveredelements="238"/>
  </project>
</coverage>
